<?xml version="1.0" encoding="UTF-8"?>
<testng-results ignored="0" total="2" passed="2" failed="0" skipped="0">
  <reporter-output>
  </reporter-output>
  <suite started-at="2025-08-19T12:31:58 IST" name="Suite" finished-at="2025-08-19T12:33:05 IST" duration-ms="66819">
    <groups>
      <group name="Master">
        <method signature="TC_AccountResgistionTest.verify_account_Register()[pri:0, instance:testCasses.TC_AccountResgistionTest@2e8c1c9b]" name="verify_account_Register" class="testCasses.TC_AccountResgistionTest"/>
        <method signature="TC_LoginTest.verify_login()[pri:0, instance:testCasses.TC_LoginTest@6e9175d8]" name="verify_login" class="testCasses.TC_LoginTest"/>
      </group> <!-- Master -->
      <group name="Sanity">
        <method signature="TC_LoginTest.verify_login()[pri:0, instance:testCasses.TC_LoginTest@6e9175d8]" name="verify_login" class="testCasses.TC_LoginTest"/>
      </group> <!-- Sanity -->
      <group name="Regression">
        <method signature="TC_AccountResgistionTest.verify_account_Register()[pri:0, instance:testCasses.TC_AccountResgistionTest@2e8c1c9b]" name="verify_account_Register" class="testCasses.TC_AccountResgistionTest"/>
      </group> <!-- Regression -->
    </groups>
    <test started-at="2025-08-19T12:31:58 IST" name="Test" finished-at="2025-08-19T12:33:05 IST" duration-ms="66819">
      <class name="testCasses.TC_AccountResgistionTest">
        <test-method is-config="true" signature="setup(java.lang.String,java.lang.String)[pri:0, instance:testCasses.TC_AccountResgistionTest@2e8c1c9b]" started-at="2025-08-19T12:31:58 IST" name="setup" finished-at="2025-08-19T12:32:31 IST" duration-ms="32640" status="PASS">
          <params>
            <param index="0">
              <value>
                <![CDATA[Window]]>
              </value>
            </param>
            <param index="1">
              <value>
                <![CDATA[chrome]]>
              </value>
            </param>
          </params>
          <reporter-output>
          </reporter-output>
        </test-method> <!-- setup -->
        <test-method signature="verify_account_Register()[pri:0, instance:testCasses.TC_AccountResgistionTest@2e8c1c9b]" started-at="2025-08-19T12:32:31 IST" name="verify_account_Register" finished-at="2025-08-19T12:32:38 IST" duration-ms="6638" status="PASS">
          <reporter-output>
          </reporter-output>
        </test-method> <!-- verify_account_Register -->
        <test-method is-config="true" signature="tearDown()[pri:0, instance:testCasses.TC_AccountResgistionTest@2e8c1c9b]" started-at="2025-08-19T12:32:38 IST" name="tearDown" finished-at="2025-08-19T12:32:38 IST" duration-ms="289" status="PASS">
          <reporter-output>
          </reporter-output>
        </test-method> <!-- tearDown -->
      </class> <!-- testCasses.TC_AccountResgistionTest -->
      <class name="testCasses.TC_LoginTest">
        <test-method is-config="true" signature="setup(java.lang.String,java.lang.String)[pri:0, instance:testCasses.TC_LoginTest@6e9175d8]" started-at="2025-08-19T12:32:38 IST" name="setup" finished-at="2025-08-19T12:32:58 IST" duration-ms="19681" status="PASS">
          <params>
            <param index="0">
              <value>
                <![CDATA[Window]]>
              </value>
            </param>
            <param index="1">
              <value>
                <![CDATA[chrome]]>
              </value>
            </param>
          </params>
          <reporter-output>
          </reporter-output>
        </test-method> <!-- setup -->
        <test-method signature="verify_login()[pri:0, instance:testCasses.TC_LoginTest@6e9175d8]" started-at="2025-08-19T12:32:58 IST" name="verify_login" finished-at="2025-08-19T12:33:04 IST" duration-ms="6877" status="PASS">
          <reporter-output>
          </reporter-output>
        </test-method> <!-- verify_login -->
        <test-method is-config="true" signature="tearDown()[pri:0, instance:testCasses.TC_LoginTest@6e9175d8]" started-at="2025-08-19T12:33:04 IST" name="tearDown" finished-at="2025-08-19T12:33:05 IST" duration-ms="308" status="PASS">
          <reporter-output>
          </reporter-output>
        </test-method> <!-- tearDown -->
      </class> <!-- testCasses.TC_LoginTest -->
    </test> <!-- Test -->
  </suite> <!-- Suite -->
</testng-results>
