<?xml version="1.0" encoding="UTF-8"?>
<testng-results ignored="0" total="2" passed="2" failed="0" skipped="0">
  <reporter-output>
  </reporter-output>
  <suite started-at="2025-08-18T16:30:00 IST" name="Suite" finished-at="2025-08-18T16:30:25 IST" duration-ms="25475">
    <groups>
      <group name="Master">
        <method signature="TC_AccountResgistionTest.verify_account_Register()[pri:0, instance:testCasses.TC_AccountResgistionTest@247310d0]" name="verify_account_Register" class="testCasses.TC_AccountResgistionTest"/>
        <method signature="TC_LoginTest.verify_login()[pri:0, instance:testCasses.TC_LoginTest@17fc391b]" name="verify_login" class="testCasses.TC_LoginTest"/>
      </group> <!-- Master -->
      <group name="Sanity">
        <method signature="TC_LoginTest.verify_login()[pri:0, instance:testCasses.TC_LoginTest@17fc391b]" name="verify_login" class="testCasses.TC_LoginTest"/>
      </group> <!-- Sanity -->
      <group name="Regression">
        <method signature="TC_AccountResgistionTest.verify_account_Register()[pri:0, instance:testCasses.TC_AccountResgistionTest@247310d0]" name="verify_account_Register" class="testCasses.TC_AccountResgistionTest"/>
      </group> <!-- Regression -->
    </groups>
    <test started-at="2025-08-18T16:30:00 IST" name="Test" finished-at="2025-08-18T16:30:25 IST" duration-ms="25475">
      <class name="testCasses.TC_AccountResgistionTest">
        <test-method is-config="true" signature="setup(java.lang.String,java.lang.String)[pri:0, instance:testCasses.TC_AccountResgistionTest@247310d0]" started-at="2025-08-18T16:30:00 IST" name="setup" finished-at="2025-08-18T16:30:09 IST" duration-ms="8678" status="PASS">
          <params>
            <param index="0">
              <value>
                <![CDATA[Window]]>
              </value>
            </param>
            <param index="1">
              <value>
                <![CDATA[chrome]]>
              </value>
            </param>
          </params>
          <reporter-output>
          </reporter-output>
        </test-method> <!-- setup -->
        <test-method signature="verify_account_Register()[pri:0, instance:testCasses.TC_AccountResgistionTest@247310d0]" started-at="2025-08-18T16:30:09 IST" name="verify_account_Register" finished-at="2025-08-18T16:30:16 IST" duration-ms="7127" status="PASS">
          <reporter-output>
          </reporter-output>
        </test-method> <!-- verify_account_Register -->
        <test-method is-config="true" signature="tearDown()[pri:0, instance:testCasses.TC_AccountResgistionTest@247310d0]" started-at="2025-08-18T16:30:16 IST" name="tearDown" finished-at="2025-08-18T16:30:16 IST" duration-ms="240" status="PASS">
          <reporter-output>
          </reporter-output>
        </test-method> <!-- tearDown -->
      </class> <!-- testCasses.TC_AccountResgistionTest -->
      <class name="testCasses.TC_LoginTest">
        <test-method is-config="true" signature="setup(java.lang.String,java.lang.String)[pri:0, instance:testCasses.TC_LoginTest@17fc391b]" started-at="2025-08-18T16:30:16 IST" name="setup" finished-at="2025-08-18T16:30:20 IST" duration-ms="4019" status="PASS">
          <params>
            <param index="0">
              <value>
                <![CDATA[Window]]>
              </value>
            </param>
            <param index="1">
              <value>
                <![CDATA[chrome]]>
              </value>
            </param>
          </params>
          <reporter-output>
          </reporter-output>
        </test-method> <!-- setup -->
        <test-method signature="verify_login()[pri:0, instance:testCasses.TC_LoginTest@17fc391b]" started-at="2025-08-18T16:30:20 IST" name="verify_login" finished-at="2025-08-18T16:30:25 IST" duration-ms="4747" status="PASS">
          <reporter-output>
          </reporter-output>
        </test-method> <!-- verify_login -->
        <test-method is-config="true" signature="tearDown()[pri:0, instance:testCasses.TC_LoginTest@17fc391b]" started-at="2025-08-18T16:30:25 IST" name="tearDown" finished-at="2025-08-18T16:30:25 IST" duration-ms="293" status="PASS">
          <reporter-output>
          </reporter-output>
        </test-method> <!-- tearDown -->
      </class> <!-- testCasses.TC_LoginTest -->
    </test> <!-- Test -->
  </suite> <!-- Suite -->
</testng-results>
